stopping the following units: accounts-daemon.service
activating the configuration...
setting up /etc...
reloading user units for main...
restarting sysinit-reactivation.target
reloading the following units: dbus.service
restarting the following units: polkit.service
starting the following units: accounts-daemon.service
figuration...
warning: Git tree '/home/main/dotfiles' is dirty
trace: warning: The option `services.xserver.xkbVariant' defined in `/nix/store/5af23xxhp8k8s5slhnvj72da880bhq41-source/nixos/configuration.nix' has been renamed to `services.xserver.xkb.variant'.
trace: warning: The option `services.xserver.layout' defined in `/nix/store/5af23xxhp8k8s5slhnvj72da880bhq41-source/nixos/configuration.nix' has been renamed to `services.xserver.xkb.layout'.
these 16 derivations will be built:
  /nix/store/kiwgl6xrgh3i9d51kvvph9d12yvmg0dm-system-path.drv
  /nix/store/7d88zadpw58zwwpj7v49y0hf00c3rhbb-set-environment.drv
  /nix/store/ycfx94q822rdd0m64j2dpzi59hzvw7vf-dbus-1.drv
  /nix/store/cmi678djjbn33ysclw85q14smqsp6m1h-X-Restart-Triggers-dbus.drv
  /nix/store/wgjdbnlmzpf79mb191zrvcf1q4rkqpcj-unit-dbus.service.drv
  /nix/store/dyzw6c5qa8ly0908mwqikxgjk6zcqdbn-user-units.drv
  /nix/store/479ph606qrgzphpij6mmv8k1spbbi5x0-unit-accounts-daemon.service.drv
  /nix/store/69li34hajh9z8z2v3kavp1a11h7xywdz-unit-dbus.service.drv
  /nix/store/7ypdrzjvgyhpmfl7as68ksfm1mnjp0z6-X-Restart-Triggers-polkit.drv
  /nix/store/ky9dx1ww4y6bm63mh4larjdghvgngld5-unit-polkit.service.drv
  /nix/store/krgazi9bs72x5p5p75wrl4big5v6a15d-system-units.drv
  /nix/store/nwhvgmsns8aq3ic3qgyq4dnk26iw17h3-etc-pam-environment.drv
  /nix/store/wg4inwbhx34kl7rpcx5px9awdg9wp9sz-etc-profile.drv
  /nix/store/16nzbir0gky95i6s10scfsapia0m5acx-etc.drv
  /nix/store/jm6ji2vzyxb86fbj4n6iz759l0n8xlhx-users-groups.json.drv
  /nix/store/3hmzln1rnmjmm3vwm4hdnchbp2yy3l5r-nixos-system-nixos-24.05.20240228.9099616.drv
these 2 paths will be fetched (0.07 MiB download, 0.25 MiB unpacked):
  /nix/store/q0khqrl9n5j6xbz8q8ndxy8rcny0b94w-usbutils-017
  /nix/store/xdqmpxdi34bwx7vs3r0c9x360b58mzfw-usbutils-017-man
copying path '/nix/store/xdqmpxdi34bwx7vs3r0c9x360b58mzfw-usbutils-017-man' from 'https://cache.nixos.org'...
building '/nix/store/jm6ji2vzyxb86fbj4n6iz759l0n8xlhx-users-groups.json.drv'...
copying path '/nix/store/q0khqrl9n5j6xbz8q8ndxy8rcny0b94w-usbutils-017' from 'https://cache.nixos.org'...
building '/nix/store/kiwgl6xrgh3i9d51kvvph9d12yvmg0dm-system-path.drv'...
building '/nix/store/7ypdrzjvgyhpmfl7as68ksfm1mnjp0z6-X-Restart-Triggers-polkit.drv'...
building '/nix/store/ycfx94q822rdd0m64j2dpzi59hzvw7vf-dbus-1.drv'...
building '/nix/store/nwhvgmsns8aq3ic3qgyq4dnk26iw17h3-etc-pam-environment.drv'...
building '/nix/store/7d88zadpw58zwwpj7v49y0hf00c3rhbb-set-environment.drv'...
building '/nix/store/479ph606qrgzphpij6mmv8k1spbbi5x0-unit-accounts-daemon.service.drv'...
building '/nix/store/cmi678djjbn33ysclw85q14smqsp6m1h-X-Restart-Triggers-dbus.drv'...
building '/nix/store/wg4inwbhx34kl7rpcx5px9awdg9wp9sz-etc-profile.drv'...
building '/nix/store/ky9dx1ww4y6bm63mh4larjdghvgngld5-unit-polkit.service.drv'...
building '/nix/store/69li34hajh9z8z2v3kavp1a11h7xywdz-unit-dbus.service.drv'...
building '/nix/store/wgjdbnlmzpf79mb191zrvcf1q4rkqpcj-unit-dbus.service.drv'...
building '/nix/store/krgazi9bs72x5p5p75wrl4big5v6a15d-system-units.drv'...
building '/nix/store/dyzw6c5qa8ly0908mwqikxgjk6zcqdbn-user-units.drv'...
building '/nix/store/16nzbir0gky95i6s10scfsapia0m5acx-etc.drv'...
building '/nix/store/3hmzln1rnmjmm3vwm4hdnchbp2yy3l5r-nixos-system-nixos-24.05.20240228.9099616.drv'...
